0 info it worked if it ends with ok
1 verbose cli [ '/usr/bin/node', '/usr/bin/npm', 'i', 'knex', '--save' ]
2 info using npm@3.5.2
3 info using node@v8.10.0
4 silly loadCurrentTree Starting
5 silly install loadCurrentTree
6 silly install readLocalPackageData
7 silly fetchPackageMetaData knex@^0.21.1
8 silly fetchNamedPackageData knex
9 silly mapToRegistry name knex
10 silly mapToRegistry using default registry
11 silly mapToRegistry registry https://registry.npmjs.org/
12 silly mapToRegistry uri https://registry.npmjs.org/knex
13 verbose request uri https://registry.npmjs.org/knex
14 verbose request no auth needed
15 info attempt registry request try #1 at 1:27:49 PM
16 verbose request id 26d7d843deec36fb
17 verbose etag W/"28f4daa32134c1bcff5384537d12b3a5"
18 verbose lastModified Thu, 09 Jul 2020 22:07:57 GMT
19 http request GET https://registry.npmjs.org/knex
20 http 304 https://registry.npmjs.org/knex
21 verbose headers { date: 'Tue, 21 Jul 2020 07:57:49 GMT',
21 verbose headers   connection: 'keep-alive',
21 verbose headers   'set-cookie':
21 verbose headers    [ '__cfduid=d4db6f3f8b12f31fde0d475edb3d2c7971595318269; expires=Thu, 20-Aug-20 07:57:49 GMT; path=/; domain=.npmjs.org; HttpOnly; SameSite=Lax' ],
21 verbose headers   'cf-ray': '5b635f9349efde82-BLR',
21 verbose headers   age: '4909',
21 verbose headers   'cache-control': 'public, max-age=300',
21 verbose headers   etag: '"28f4daa32134c1bcff5384537d12b3a5"',
21 verbose headers   'last-modified': 'Thu, 09 Jul 2020 22:07:57 GMT',
21 verbose headers   vary: 'Accept-Encoding',
21 verbose headers   'cf-cache-status': 'HIT',
21 verbose headers   'cf-request-id': '0411fa10080000de826e04c200000001',
21 verbose headers   'expect-ct': 'max-age=604800, report-uri="https://report-uri.cloudflare.com/cdn-cgi/beacon/expect-ct"',
21 verbose headers   server: 'cloudflare' }
22 silly get cb [ 304,
22 silly get   { date: 'Tue, 21 Jul 2020 07:57:49 GMT',
22 silly get     connection: 'keep-alive',
22 silly get     'set-cookie':
22 silly get      [ '__cfduid=d4db6f3f8b12f31fde0d475edb3d2c7971595318269; expires=Thu, 20-Aug-20 07:57:49 GMT; path=/; domain=.npmjs.org; HttpOnly; SameSite=Lax' ],
22 silly get     'cf-ray': '5b635f9349efde82-BLR',
22 silly get     age: '4909',
22 silly get     'cache-control': 'public, max-age=300',
22 silly get     etag: '"28f4daa32134c1bcff5384537d12b3a5"',
22 silly get     'last-modified': 'Thu, 09 Jul 2020 22:07:57 GMT',
22 silly get     vary: 'Accept-Encoding',
22 silly get     'cf-cache-status': 'HIT',
22 silly get     'cf-request-id': '0411fa10080000de826e04c200000001',
22 silly get     'expect-ct': 'max-age=604800, report-uri="https://report-uri.cloudflare.com/cdn-cgi/beacon/expect-ct"',
22 silly get     server: 'cloudflare' } ]
23 verbose etag https://registry.npmjs.org/knex from cache
24 verbose get saving knex to /home/shivani/.npm/registry.npmjs.org/knex/.cache.json
25 silly install normalizeTree
26 silly loadCurrentTree Finishing
27 silly loadIdealTree Starting
28 silly install loadIdealTree
29 silly cloneCurrentTree Starting
30 silly install cloneCurrentTreeToIdealTree
31 silly cloneCurrentTree Finishing
32 silly loadShrinkwrap Starting
33 silly install loadShrinkwrap
34 silly loadShrinkwrap Finishing
35 silly loadAllDepsIntoIdealTree Starting
36 silly install loadAllDepsIntoIdealTree
37 silly resolveWithNewModule knex@0.21.2 checking installable status
38 silly cache add args [ 'knex@^0.21.1', null ]
39 verbose cache add spec knex@^0.21.1
40 silly cache add parsed spec Result {
40 silly cache add   raw: 'knex@^0.21.1',
40 silly cache add   scope: null,
40 silly cache add   name: 'knex',
40 silly cache add   rawSpec: '^0.21.1',
40 silly cache add   spec: '>=0.21.1 <0.22.0',
40 silly cache add   type: 'range' }
41 silly addNamed knex@>=0.21.1 <0.22.0
42 verbose addNamed ">=0.21.1 <0.22.0" is a valid semver range for knex
43 silly addNameRange { name: 'knex', range: '>=0.21.1 <0.22.0', hasData: false }
44 silly mapToRegistry name knex
45 silly mapToRegistry using default registry
46 silly mapToRegistry registry https://registry.npmjs.org/
47 silly mapToRegistry uri https://registry.npmjs.org/knex
48 verbose addNameRange registry:https://registry.npmjs.org/knex not in flight; fetching
49 verbose get https://registry.npmjs.org/knex not expired, no request
50 silly addNameRange number 2 { name: 'knex', range: '>=0.21.1 <0.22.0', hasData: true }
51 silly addNameRange versions [ 'knex',
51 silly addNameRange   [ '0.0.0',
51 silly addNameRange     '0.0.1',
51 silly addNameRange     '0.0.2',
51 silly addNameRange     '0.0.3',
51 silly addNameRange     '0.0.5',
51 silly addNameRange     '0.1.0',
51 silly addNameRange     '0.1.1',
51 silly addNameRange     '0.1.2',
51 silly addNameRange     '0.1.3',
51 silly addNameRange     '0.1.4',
51 silly addNameRange     '0.1.5',
51 silly addNameRange     '0.1.6',
51 silly addNameRange     '0.1.7',
51 silly addNameRange     '0.1.8',
51 silly addNameRange     '0.2.0',
51 silly addNameRange     '0.2.1',
51 silly addNameRange     '0.2.2',
51 silly addNameRange     '0.2.3',
51 silly addNameRange     '0.2.4',
51 silly addNameRange     '0.2.5',
51 silly addNameRange     '0.2.6',
51 silly addNameRange     '0.4.0',
51 silly addNameRange     '0.4.1',
51 silly addNameRange     '0.4.2',
51 silly addNameRange     '0.2.7-alpha',
51 silly addNameRange     '0.4.3',
51 silly addNameRange     '0.4.4',
51 silly addNameRange     '0.4.5',
51 silly addNameRange     '0.4.6',
51 silly addNameRange     '0.4.7',
51 silly addNameRange     '0.4.8',
51 silly addNameRange     '0.4.9',
51 silly addNameRange     '0.4.10',
51 silly addNameRange     '0.4.11',
51 silly addNameRange     '0.4.12',
51 silly addNameRange     '0.4.13',
51 silly addNameRange     '0.5.0',
51 silly addNameRange     '0.5.1',
51 silly addNameRange     '0.5.2',
51 silly addNameRange     '0.5.3',
51 silly addNameRange     '0.5.4',
51 silly addNameRange     '0.5.5',
51 silly addNameRange     '0.5.6',
51 silly addNameRange     '0.5.7',
51 silly addNameRange     '0.5.8',
51 silly addNameRange     '0.5.9',
51 silly addNameRange     '0.5.10',
51 silly addNameRange     '0.5.11',
51 silly addNameRange     '0.5.12',
51 silly addNameRange     '0.5.13',
51 silly addNameRange     '0.5.14',
51 silly addNameRange     '0.5.15',
51 silly addNameRange     '0.6.0',
51 silly addNameRange     '0.6.1',
51 silly addNameRange     '0.6.2',
51 silly addNameRange     '0.6.3',
51 silly addNameRange     '0.6.4',
51 silly addNameRange     '0.6.5',
51 silly addNameRange     '0.6.6',
51 silly addNameRange     '0.6.7',
51 silly addNameRange     '0.6.8',
51 silly addNameRange     '0.6.9',
51 silly addNameRange     '0.6.10',
51 silly addNameRange     '0.6.11',
51 silly addNameRange     '0.6.12',
51 silly addNameRange     '0.6.13',
51 silly addNameRange     '0.6.14',
51 silly addNameRange     '0.6.15',
51 silly addNameRange     '0.6.16',
51 silly addNameRange     '0.6.17',
51 silly addNameRange     '0.6.18',
51 silly addNameRange     '0.6.19',
51 silly addNameRange     '0.6.20',
51 silly addNameRange     '0.6.21',
51 silly addNameRange     '0.6.22',
51 silly addNameRange     '0.5.16',
51 silly addNameRange     '0.7.0',
51 silly addNameRange     '0.7.1',
51 silly addNameRange     '0.7.2',
51 silly addNameRange     '0.7.3',
51 silly addNameRange     '0.7.4',
51 silly addNameRange     '0.7.5',
51 silly addNameRange     '0.6.23',
51 silly addNameRange     '0.7.6',
51 silly addNameRange     '0.8.0',
51 silly addNameRange     '0.8.1',
51 silly addNameRange     '0.8.2',
51 silly addNameRange     '0.8.3',
51 silly addNameRange     '0.8.4',
51 silly addNameRange     '0.8.5',
51 silly addNameRange     '0.8.6',
51 silly addNameRange     '0.9.0',
51 silly addNameRange     '0.10.0-rc1',
51 silly addNameRange     '0.10.0',
51 silly addNameRange     '0.11.0',
51 silly addNameRange     '0.11.1',
51 silly addNameRange     '0.11.2',
51 silly addNameRange     '0.11.3',
51 silly addNameRange     '0.11.4',
51 silly addNameRange     '0.11.5',
51 silly addNameRange     ... 86 more items ] ]
52 silly addNamed knex@0.21.2
53 verbose addNamed "0.21.2" is a plain semver version for knex
54 silly cache afterAdd knex@0.21.2
55 verbose afterAdd /home/shivani/.npm/knex/0.21.2/package/package.json not in flight; writing
56 verbose afterAdd /home/shivani/.npm/knex/0.21.2/package/package.json written
57 silly fetchNamedPackageData colorette
58 silly mapToRegistry name colorette
59 silly mapToRegistry using default registry
60 silly mapToRegistry registry https://registry.npmjs.org/
61 silly mapToRegistry uri https://registry.npmjs.org/colorette
62 silly fetchNamedPackageData commander
63 silly mapToRegistry name commander
64 silly mapToRegistry using default registry
65 silly mapToRegistry registry https://registry.npmjs.org/
66 silly mapToRegistry uri https://registry.npmjs.org/commander
67 silly fetchNamedPackageData debug
68 silly mapToRegistry name debug
69 silly mapToRegistry using default registry
70 silly mapToRegistry registry https://registry.npmjs.org/
71 silly mapToRegistry uri https://registry.npmjs.org/debug
72 silly fetchNamedPackageData esm
73 silly mapToRegistry name esm
74 silly mapToRegistry using default registry
75 silly mapToRegistry registry https://registry.npmjs.org/
76 silly mapToRegistry uri https://registry.npmjs.org/esm
77 silly fetchNamedPackageData getopts
78 silly mapToRegistry name getopts
79 silly mapToRegistry using default registry
80 silly mapToRegistry registry https://registry.npmjs.org/
81 silly mapToRegistry uri https://registry.npmjs.org/getopts
82 silly fetchNamedPackageData inherits
83 silly mapToRegistry name inherits
84 silly mapToRegistry using default registry
85 silly mapToRegistry registry https://registry.npmjs.org/
86 silly mapToRegistry uri https://registry.npmjs.org/inherits
87 silly fetchNamedPackageData interpret
88 silly mapToRegistry name interpret
89 silly mapToRegistry using default registry
90 silly mapToRegistry registry https://registry.npmjs.org/
91 silly mapToRegistry uri https://registry.npmjs.org/interpret
92 silly fetchNamedPackageData liftoff
93 silly mapToRegistry name liftoff
94 silly mapToRegistry using default registry
95 silly mapToRegistry registry https://registry.npmjs.org/
96 silly mapToRegistry uri https://registry.npmjs.org/liftoff
97 silly fetchNamedPackageData lodash
98 silly mapToRegistry name lodash
99 silly mapToRegistry using default registry
100 silly mapToRegistry registry https://registry.npmjs.org/
101 silly mapToRegistry uri https://registry.npmjs.org/lodash
102 silly fetchNamedPackageData mkdirp
103 silly mapToRegistry name mkdirp
104 silly mapToRegistry using default registry
105 silly mapToRegistry registry https://registry.npmjs.org/
106 silly mapToRegistry uri https://registry.npmjs.org/mkdirp
107 silly fetchNamedPackageData pg-connection-string
108 silly mapToRegistry name pg-connection-string
109 silly mapToRegistry using default registry
110 silly mapToRegistry registry https://registry.npmjs.org/
111 silly mapToRegistry uri https://registry.npmjs.org/pg-connection-string
112 silly fetchNamedPackageData tarn
113 silly mapToRegistry name tarn
114 silly mapToRegistry using default registry
115 silly mapToRegistry registry https://registry.npmjs.org/
116 silly mapToRegistry uri https://registry.npmjs.org/tarn
117 silly fetchNamedPackageData tildify
118 silly mapToRegistry name tildify
119 silly mapToRegistry using default registry
120 silly mapToRegistry registry https://registry.npmjs.org/
121 silly mapToRegistry uri https://registry.npmjs.org/tildify
122 silly fetchNamedPackageData uuid
123 silly mapToRegistry name uuid
124 silly mapToRegistry using default registry
125 silly mapToRegistry registry https://registry.npmjs.org/
126 silly mapToRegistry uri https://registry.npmjs.org/uuid
127 silly fetchNamedPackageData v8flags
128 silly mapToRegistry name v8flags
129 silly mapToRegistry using default registry
130 silly mapToRegistry registry https://registry.npmjs.org/
131 silly mapToRegistry uri https://registry.npmjs.org/v8flags
132 verbose request uri https://registry.npmjs.org/colorette
133 verbose request no auth needed
134 info attempt registry request try #1 at 1:27:50 PM
135 verbose etag W/"665ad403f25cfae166255a97f1ef22d0"
136 verbose lastModified Sun, 05 Jul 2020 13:33:21 GMT
137 http request GET https://registry.npmjs.org/colorette
138 verbose request uri https://registry.npmjs.org/debug
139 verbose request no auth needed
140 info attempt registry request try #1 at 1:27:50 PM
141 verbose etag W/"682ba37cc9406956ab0280ea33284028"
142 verbose lastModified Tue, 19 May 2020 09:51:31 GMT
143 http request GET https://registry.npmjs.org/debug
144 verbose request uri https://registry.npmjs.org/inherits
145 verbose request no auth needed
146 info attempt registry request try #1 at 1:27:50 PM
147 verbose etag W/"89b9ff30160e62cccc320a50b274ccd9"
148 verbose lastModified Wed, 19 Jun 2019 20:18:57 GMT
149 http request GET https://registry.npmjs.org/inherits
150 verbose request uri https://registry.npmjs.org/commander
151 verbose request no auth needed
152 info attempt registry request try #1 at 1:27:50 PM
153 verbose etag W/"d522d2b1b27b2e39cbfbe34f8dd170ca"
154 verbose lastModified Sun, 19 Jul 2020 14:01:35 GMT
155 http request GET https://registry.npmjs.org/commander
156 verbose request uri https://registry.npmjs.org/getopts
157 verbose request no auth needed
158 info attempt registry request try #1 at 1:27:50 PM
159 verbose etag W/"133584bff64b368f35b8cc582a894d8d"
160 verbose lastModified Fri, 12 Jul 2019 02:06:31 GMT
161 http request GET https://registry.npmjs.org/getopts
162 verbose request uri https://registry.npmjs.org/esm
163 verbose request no auth needed
164 info attempt registry request try #1 at 1:27:50 PM
165 verbose etag W/"ffb044fdd4b295d4f9a02b41022167ff"
166 verbose lastModified Fri, 16 Aug 2019 06:01:57 GMT
167 http request GET https://registry.npmjs.org/esm
168 verbose request uri https://registry.npmjs.org/interpret
169 verbose request no auth needed
170 info attempt registry request try #1 at 1:27:50 PM
171 verbose etag W/"99f2474b51cd43f129b9d8a812129e11"
172 verbose lastModified Wed, 03 Jun 2020 06:52:10 GMT
173 http request GET https://registry.npmjs.org/interpret
174 verbose request uri https://registry.npmjs.org/liftoff
175 verbose request no auth needed
176 info attempt registry request try #1 at 1:27:50 PM
177 verbose etag W/"4c6a3e23e3b7090dd71022c3469f7f01"
178 verbose lastModified Sun, 10 Mar 2019 22:03:46 GMT
179 http request GET https://registry.npmjs.org/liftoff
180 verbose request uri https://registry.npmjs.org/mkdirp
181 verbose request no auth needed
182 info attempt registry request try #1 at 1:27:50 PM
183 verbose etag W/"0730d9c43c136c318d8e19c69cbd72aa"
184 verbose lastModified Wed, 22 Apr 2020 06:03:24 GMT
185 http request GET https://registry.npmjs.org/mkdirp
186 verbose request uri https://registry.npmjs.org/lodash
187 verbose request no auth needed
188 info attempt registry request try #1 at 1:27:50 PM
189 verbose etag W/"5d2ba35857dac155233fedd1ca9eac9a"
190 verbose lastModified Fri, 17 Jul 2020 10:35:41 GMT
191 http request GET https://registry.npmjs.org/lodash
192 verbose request uri https://registry.npmjs.org/tildify
193 verbose request no auth needed
194 info attempt registry request try #1 at 1:27:50 PM
195 verbose etag W/"52aeb914d453aef59b84e4d99861ffeb"
196 verbose lastModified Mon, 29 Apr 2019 03:38:41 GMT
197 http request GET https://registry.npmjs.org/tildify
198 verbose request uri https://registry.npmjs.org/v8flags
199 verbose request no auth needed
200 info attempt registry request try #1 at 1:27:50 PM
201 verbose etag W/"89844c7b247807135e4a197d630e317c"
202 verbose lastModified Sun, 31 May 2020 22:29:48 GMT
203 http request GET https://registry.npmjs.org/v8flags
204 verbose request uri https://registry.npmjs.org/uuid
205 verbose request no auth needed
206 info attempt registry request try #1 at 1:27:50 PM
207 verbose etag W/"b1b28d036e3acfa1ebc85d967d90aa3f"
208 verbose lastModified Tue, 23 Jun 2020 20:56:17 GMT
209 http request GET https://registry.npmjs.org/uuid
210 verbose request uri https://registry.npmjs.org/pg-connection-string
211 verbose request no auth needed
212 info attempt registry request try #1 at 1:27:50 PM
213 verbose etag W/"bd36b5ef99b401e9600bf9fc6844d0a7"
214 verbose lastModified Thu, 09 Jul 2020 15:41:41 GMT
215 http request GET https://registry.npmjs.org/pg-connection-string
216 verbose request uri https://registry.npmjs.org/tarn
217 verbose request no auth needed
218 info attempt registry request try #1 at 1:27:50 PM
219 verbose etag W/"5f818753ef5dff721be0f4d8b9d01fb6"
220 verbose lastModified Sat, 18 Apr 2020 00:10:20 GMT
221 http request GET https://registry.npmjs.org/tarn
222 http 304 https://registry.npmjs.org/colorette
223 verbose headers { date: 'Tue, 21 Jul 2020 07:57:50 GMT',
223 verbose headers   connection: 'keep-alive',
223 verbose headers   'set-cookie':
223 verbose headers    [ '__cfduid=de63e68e8f2d5dfa57ba2a6d7d6691e9c1595318270; expires=Thu, 20-Aug-20 07:57:50 GMT; path=/; domain=.npmjs.org; HttpOnly; SameSite=Lax' ],
223 verbose headers   'cf-ray': '5b635f962a23de82-BLR',
223 verbose headers   age: '404',
223 verbose headers   'cache-control': 'public, max-age=300',
223 verbose headers   etag: '"665ad403f25cfae166255a97f1ef22d0"',
223 verbose headers   'last-modified': 'Sun, 05 Jul 2020 13:33:21 GMT',
223 verbose headers   vary: 'Accept-Encoding',
223 verbose headers   'cf-cache-status': 'HIT',
223 verbose headers   'cf-request-id': '0411fa11d50000de826e081200000001',
223 verbose headers   'expect-ct': 'max-age=604800, report-uri="https://report-uri.cloudflare.com/cdn-cgi/beacon/expect-ct"',
223 verbose headers   server: 'cloudflare' }
224 silly get cb [ 304,
224 silly get   { date: 'Tue, 21 Jul 2020 07:57:50 GMT',
224 silly get     connection: 'keep-alive',
224 silly get     'set-cookie':
224 silly get      [ '__cfduid=de63e68e8f2d5dfa57ba2a6d7d6691e9c1595318270; expires=Thu, 20-Aug-20 07:57:50 GMT; path=/; domain=.npmjs.org; HttpOnly; SameSite=Lax' ],
224 silly get     'cf-ray': '5b635f962a23de82-BLR',
224 silly get     age: '404',
224 silly get     'cache-control': 'public, max-age=300',
224 silly get     etag: '"665ad403f25cfae166255a97f1ef22d0"',
224 silly get     'last-modified': 'Sun, 05 Jul 2020 13:33:21 GMT',
224 silly get     vary: 'Accept-Encoding',
224 silly get     'cf-cache-status': 'HIT',
224 silly get     'cf-request-id': '0411fa11d50000de826e081200000001',
224 silly get     'expect-ct': 'max-age=604800, report-uri="https://report-uri.cloudflare.com/cdn-cgi/beacon/expect-ct"',
224 silly get     server: 'cloudflare' } ]
225 verbose etag https://registry.npmjs.org/colorette from cache
226 verbose get saving colorette to /home/shivani/.npm/registry.npmjs.org/colorette/.cache.json
227 verbose stack Error: Missing required argument #1
227 verbose stack     at andLogAndFinish (/usr/share/npm/lib/fetch-package-metadata.js:31:3)
227 verbose stack     at fetchPackageMetadata (/usr/share/npm/lib/fetch-package-metadata.js:51:22)
227 verbose stack     at resolveWithNewModule (/usr/share/npm/lib/install/deps.js:456:12)
227 verbose stack     at /usr/share/npm/lib/install/deps.js:457:7
227 verbose stack     at /usr/share/npm/node_modules/iferr/index.js:13:50
227 verbose stack     at /usr/share/npm/lib/fetch-package-metadata.js:37:12
227 verbose stack     at addRequestedAndFinish (/usr/share/npm/lib/fetch-package-metadata.js:82:5)
227 verbose stack     at returnAndAddMetadata (/usr/share/npm/lib/fetch-package-metadata.js:117:7)
227 verbose stack     at pickVersionFromRegistryDocument (/usr/share/npm/lib/fetch-package-metadata.js:134:20)
227 verbose stack     at /usr/share/npm/node_modules/iferr/index.js:13:50
228 verbose cwd /home/shivani/Documents/system_design_app
229 error Linux 5.3.0-62-generic
230 error argv "/usr/bin/node" "/usr/bin/npm" "i" "knex" "--save"
231 error node v8.10.0
232 error npm  v3.5.2
233 error code EMISSINGARG
234 error typeerror Error: Missing required argument #1
234 error typeerror     at andLogAndFinish (/usr/share/npm/lib/fetch-package-metadata.js:31:3)
234 error typeerror     at fetchPackageMetadata (/usr/share/npm/lib/fetch-package-metadata.js:51:22)
234 error typeerror     at resolveWithNewModule (/usr/share/npm/lib/install/deps.js:456:12)
234 error typeerror     at /usr/share/npm/lib/install/deps.js:457:7
234 error typeerror     at /usr/share/npm/node_modules/iferr/index.js:13:50
234 error typeerror     at /usr/share/npm/lib/fetch-package-metadata.js:37:12
234 error typeerror     at addRequestedAndFinish (/usr/share/npm/lib/fetch-package-metadata.js:82:5)
234 error typeerror     at returnAndAddMetadata (/usr/share/npm/lib/fetch-package-metadata.js:117:7)
234 error typeerror     at pickVersionFromRegistryDocument (/usr/share/npm/lib/fetch-package-metadata.js:134:20)
234 error typeerror     at /usr/share/npm/node_modules/iferr/index.js:13:50
235 error typeerror This is an error with npm itself. Please report this error at:
235 error typeerror     <http://github.com/npm/npm/issues>
236 verbose exit [ 1, true ]
